<?xml version="1.0" encoding="UTF-8"?>
<!-- Generated by org.testng.reporters.JUnitReportReporter -->
<testsuite hostname="LENOVO" failures="0" tests="1" name="vtiger.practice.ReadDataFromcmdLine" time="0.012" errors="0" timestamp="2023-04-10T11:00:40 IST" skipped="0">
  <testcase classname="vtiger.practice.ReadDataFromcmdLine" name="test" time="0.012"/>
  <system-out/>
</testsuite> <!-- vtiger.practice.ReadDataFromcmdLine -->
