<?xml version="1.0" encoding="UTF-8"?>
<!-- Generated by org.testng.reporters.JUnitReportReporter -->
<testsuite hostname="LENOVO" failures="0" tests="2" name="vtiger.practice.DataProviderPractice" time="0.017" errors="0" timestamp="2023-03-27T14:06:17 IST" skipped="0">
  <testcase classname="vtiger.practice.DataProviderPractice" name="AddToCart" time="0.015"/>
  <system-out/>
  <testcase classname="vtiger.practice.DataProviderPractice" name="AddToCart" time="0.002"/>
  <system-out/>
</testsuite> <!-- vtiger.practice.DataProviderPractice -->
