<?xml version="1.0" encoding="UTF-8"?>
<!-- Generated by org.testng.reporters.JUnitReportReporter -->
<testsuite hostname="LENOVO" failures="0" tests="3" name="vtiger.practice.testng2" time="0.016" errors="0" timestamp="2023-03-28T11:01:16 IST" skipped="0">
  <testcase classname="vtiger.practice.testng2" name="CreateUserTest" time="0.012"/>
  <system-out/>
  <testcase classname="vtiger.practice.testng2" name="ModifyUserTest" time="0.002"/>
  <system-out/>
  <testcase classname="vtiger.practice.testng2" name="deleteUserTest" time="0.002"/>
  <system-out/>
</testsuite> <!-- vtiger.practice.testng2 -->
