<?xml version="1.0" encoding="UTF-8"?>
<!-- Generated by org.testng.reporters.JUnitReportReporter -->
<testsuite hostname="LENOVO" failures="0" tests="2" name="vtiger.Contact.Tests.CreateContactWithOrganizationTest" time="37.871" errors="0" timestamp="2023-04-20T12:30:50 IST" skipped="0">
  <testcase classname="vtiger.Contact.Tests.CreateContactWithOrganizationTest" name="createContactWithOrgTest" time="37.864"/>
  <system-out/>
  <testcase classname="vtiger.Contact.Tests.CreateContactWithOrganizationTest" name="demo" time="0.007"/>
  <system-out/>
</testsuite> <!-- vtiger.Contact.Tests.CreateContactWithOrganizationTest -->
