<?xml version="1.0" encoding="UTF-8"?>
<!-- Generated by org.testng.reporters.JUnitReportReporter -->
<testsuite hostname="LENOVO" failures="0" tests="1" name="vtiger.practice.BaseClassPractice" time="0.009" errors="0" timestamp="2023-03-30T23:14:37 IST" skipped="0">
  <testcase classname="vtiger.practice.BaseClassPractice" name="bsConfig2" time="0.009"/>
  <system-out/>
</testsuite> <!-- vtiger.practice.BaseClassPractice -->
