<?xml version="1.0" encoding="UTF-8"?>
<!-- Generated by org.testng.reporters.JUnitReportReporter -->
<testsuite hostname="LENOVO" failures="0" tests="2" name="vtiger.practice.TestNGPracticeTest" time="0.021" errors="0" timestamp="2023-03-27T09:53:44 IST" skipped="0">
  <testcase classname="vtiger.practice.TestNGPracticeTest" name="ModifyUserTest" time="0.018"/>
  <system-out/>
  <testcase classname="vtiger.practice.TestNGPracticeTest" name="deleteUserTest" time="0.003"/>
  <system-out/>
</testsuite> <!-- vtiger.practice.TestNGPracticeTest -->
